#
# There is insufficient memory for the Java Runtime Environment to continue.
# Native memory allocation (mmap) failed to map 65536 bytes for Failed to commit metaspace.
# Possible reasons:
#   The system is out of physical RAM or swap space
#   The process is running with CompressedOops enabled, and the Java Heap may be blocking the growth of the native heap
# Possible solutions:
#   Reduce memory load on the system
#   Increase physical memory or swap space
#   Check if swap backing store is full
#   Decrease Java heap size (-Xmx/-Xms)
#   Decrease number of Java threads
#   Decrease Java thread stack sizes (-Xss)
#   Set larger code cache with -XX:ReservedCodeCacheSize=
#   JVM is running with Unscaled Compressed Oops mode in which the Java heap is
#     placed in the first 4GB address space. The Java Heap base address is the
#     maximum limit for the native heap growth. Please use -XX:HeapBaseMinAddress
#     to set the Java Heap base and to place the Java Heap above 4GB virtual address.
# This output file may be truncated or incomplete.
#
#  Out of Memory Error (virtualSpaceNode.cpp:112), pid=37176, tid=37120
#
# JRE version: Java(TM) SE Runtime Environment (21.0.1+12) (build 21.0.1+12-LTS-29)
# Java VM: Java HotSpot(TM) 64-Bit Server VM (21.0.1+12-LTS-29, mixed mode, sharing, tiered, compressed oops, compressed class ptrs, g1 gc, windows-amd64)
# No core dump will be written. Minidumps are not enabled by default on client versions of Windows
#

---------------  S U M M A R Y ------------

Command Line: -Dfile.encoding=UTF-8 ASimulatorSystem.Signup2

Host: AMD Ryzen 5 5600H with Radeon Graphics         , 12 cores, 7G,  Windows 11 , 64 bit Build 22621 (10.0.22621.3235)
Time: Wed Mar 20 21:56:57 2024 India Standard Time elapsed time: 0.235339 seconds (0d 0h 0m 0s)

---------------  T H R E A D  ---------------

Current thread (0x000002151cbb7fa0):  JavaThread "main"             [_thread_in_vm, id=37120, stack(0x000000e2a6800000,0x000000e2a6900000) (1024K)]

Stack: [0x000000e2a6800000,0x000000e2a6900000]
Native frames: (J=compiled Java code, j=interpreted, Vv=VM code, C=native code)
V  [jvm.dll+0x6c9029]
V  [jvm.dll+0x854b81]
V  [jvm.dll+0x856e5e]
V  [jvm.dll+0x857543]
V  [jvm.dll+0x280c06]
V  [jvm.dll+0x8508ae]
V  [jvm.dll+0x66ca45]
V  [jvm.dll+0x66caaa]
V  [jvm.dll+0x66f2a6]
V  [jvm.dll+0x66f172]
V  [jvm.dll+0x66d41e]
V  [jvm.dll+0x26c581]
V  [jvm.dll+0x2184f7]
V  [jvm.dll+0x20dc4e]
V  [jvm.dll+0x5ac6dc]
V  [jvm.dll+0x21f67a]
V  [jvm.dll+0x7ccde1]
V  [jvm.dll+0x7cde45]
V  [jvm.dll+0x7ce600]
V  [jvm.dll+0x218dac]
V  [jvm.dll+0x20dc67]
V  [jvm.dll+0x5ac6dc]
V  [jvm.dll+0x21f67a]
V  [jvm.dll+0x7ccde1]
V  [jvm.dll+0x7cde45]
V  [jvm.dll+0x7ce3ef]
V  [jvm.dll+0x7ce098]
V  [jvm.dll+0x26ebdb]
V  [jvm.dll+0x3d36fe]
C  0x000002152deca814

The last pc belongs to new (printed below).
Java frames: (J=compiled Java code, j=interpreted, Vv=VM code)
j  sun.java2d.marlin.DMarlinRenderingEngine.<clinit>()V+180 java.desktop@21.0.1
v  ~StubRoutines::call_stub 0x000002152deb100d
j  java.lang.Class.forName0(Ljava/lang/String;ZLjava/lang/ClassLoader;Ljava/lang/Class;)Ljava/lang/Class;+0 java.base@21.0.1
j  java.lang.Class.forName(Ljava/lang/String;Ljava/lang/Class;)Ljava/lang/Class;+19 java.base@21.0.1
j  java.lang.Class.forName(Ljava/lang/String;)Ljava/lang/Class;+6 java.base@21.0.1
j  sun.java2d.pipe.RenderingEngine.getInstance()Lsun/java2d/pipe/RenderingEngine;+73 java.desktop@21.0.1
j  sun.java2d.pipe.LoopPipe.<clinit>()V+0 java.desktop@21.0.1
v  ~StubRoutines::call_stub 0x000002152deb100d
j  sun.java2d.SurfaceData.<clinit>()V+3 java.desktop@21.0.1
v  ~StubRoutines::call_stub 0x000002152deb100d
j  sun.awt.windows.WToolkit.initIDs()V+0 java.desktop@21.0.1
j  sun.awt.windows.WToolkit.<clinit>()V+20 java.desktop@21.0.1
v  ~StubRoutines::call_stub 0x000002152deb100d
j  sun.awt.Win32GraphicsEnvironment.<clinit>()V+16 java.desktop@21.0.1
v  ~StubRoutines::call_stub 0x000002152deb100d
j  sun.awt.PlatformGraphicsInfo.createGE()Ljava/awt/GraphicsEnvironment;+0 java.desktop@21.0.1
j  java.awt.GraphicsEnvironment$LocalGE.createGE()Ljava/awt/GraphicsEnvironment;+0 java.desktop@21.0.1
j  java.awt.GraphicsEnvironment$LocalGE.<clinit>()V+0 java.desktop@21.0.1
v  ~StubRoutines::call_stub 0x000002152deb100d
j  java.awt.GraphicsEnvironment.getLocalGraphicsEnvironment()Ljava/awt/GraphicsEnvironment;+0 java.desktop@21.0.1
j  java.awt.Window.initGC(Ljava/awt/GraphicsConfiguration;)Ljava/awt/GraphicsConfiguration;+7 java.desktop@21.0.1
j  java.awt.Window.init(Ljava/awt/GraphicsConfiguration;)V+45 java.desktop@21.0.1
j  java.awt.Window.<init>()V+114 java.desktop@21.0.1
j  java.awt.Frame.<init>(Ljava/lang/String;)V+1 java.desktop@21.0.1
j  java.awt.Frame.<init>()V+3 java.desktop@21.0.1
j  javax.swing.JFrame.<init>()V+1 java.desktop@21.0.1
j  ASimulatorSystem.Signup2.<init>(Ljava/lang/String;)V+1
j  ASimulatorSystem.Signup2.main([Ljava/lang/String;)V+7
v  ~StubRoutines::call_stub 0x000002152deb100d
new  187 new  [0x000002152deca680, 0x000002152deca888]  520 bytes
[MachCode]
  0x000002152deca680: 4883 ec08 | c5fa 1104 | 24eb 1f48 | 83ec 10c5 | fb11 0424 | eb14 4883 | ec10 4889 | 0424 48c7 
  0x000002152deca6a0: 4424 0800 | 0000 00eb | 0150 410f | b755 010f | cac1 ea10 | 488b 4de8 | 488b 4908 | 488b 4908 
  0x000002152deca6c0: 488b 4108 | 807c 1004 | 070f 85d3 | 0000 0066 | 8b54 d148 | 488b 4928 | 488b 4cd1 | 0851 80b9 
  0x000002152deca6e0: 2001 0000 | 050f 85b6 | 0000 008b | 5108 f6c2 | 010f 85aa | 0000 0049 | 8b87 b801 | 0000 488d 
  0x000002152deca700: 1c10 493b | 9fc8 0100 | 000f 8792 | 0000 0049 | 899f b801 | 0000 4883 | ea10 0f84 | 0f00 0000 
  0x000002152deca720: 33c9 c1ea | 0348 894c | d008 48ff | ca75 f648 | c700 0100 | 0000 5933 | f689 700c | 49ba 0000 
  0x000002152deca740: 003c 1502 | 0000 492b | ca89 4808 | 49ba ca25 | 0926 fb7f | 0000 4180 | 3a00 0f84 | 3c00 0000 
  0x000002152deca760: 5048 8bc8 | 4883 ec20 | 40f6 c40f | 0f84 1900 | 0000 4883 | ec08 48b8 | 70eb b925 | fb7f 0000 
  0x000002152deca780: ffd0 4883 | c408 e90c | 0000 0048 | b870 ebb9 | 25fb 7f00 | 00ff d048 | 83c4 2058 | e9cb 0000 
  0x000002152deca7a0: 0059 488b | 55e8 488b | 5208 488b | 5208 450f | b745 0141 | 0fc8 41c1 | e810 e805 | 0000 00e9 
  0x000002152deca7c0: a800 0000 | 488d 4424 | 084c 896d | c049 8bcf | c5f8 7749 | 89af a803 | 0000 4989 | 8798 0300 
  0x000002152deca7e0: 0048 83ec | 2040 f6c4 | 0f0f 8419 | 0000 0048 | 83ec 0848 | b8b0 3684 | 25fb 7f00 | 00ff d048 
  0x000002152deca800: 83c4 08e9 | 0c00 0000 | 48b8 b036 | 8425 fb7f | 0000 ffd0 | 4883 c420 | 49c7 8798 | 0300 0000 
  0x000002152deca820: 0000 0049 | c787 a803 | 0000 0000 | 0000 49c7 | 87a0 0300 | 0000 0000 | 00c5 f877 | 4983 7f08 
  0x000002152deca840: 000f 8405 | 0000 00e9 | b466 feff | 498b 87f0 | 0300 0049 | c787 f003 | 0000 0000 | 0000 4c8b 
  0x000002152deca860: 6dc0 4c8b | 75c8 4e8d | 74f5 00c3 | 410f b65d | 0349 83c5 | 0349 ba80 | df0b 26fb | 7f00 0041 
  0x000002152deca880: ff24 da0f | 1f44 0000 
[/MachCode]

---------------  P R O C E S S  ---------------

Threads class SMR info:
_java_thread_list=0x000002153ba7f830, length=11, elements={
0x000002151cbb7fa0, 0x000002153b7db2d0, 0x000002153b7dc1a0, 0x000002153b7dddc0,
0x000002153b7dfab0, 0x000002153b7e06c0, 0x000002153b7ea140, 0x000002153b7ee3d0,
0x000002153b930090, 0x000002153ba7e400, 0x000002153ba7ea70
}

Java Threads: ( => current thread )
=>0x000002151cbb7fa0 JavaThread "main"                              [_thread_in_vm, id=37120, stack(0x000000e2a6800000,0x000000e2a6900000) (1024K)]
  0x000002153b7db2d0 JavaThread "Reference Handler"          daemon [_thread_blocked, id=32680, stack(0x000000e2a7000000,0x000000e2a7100000) (1024K)]
  0x000002153b7dc1a0 JavaThread "Finalizer"                  daemon [_thread_blocked, id=36040, stack(0x000000e2a7100000,0x000000e2a7200000) (1024K)]
  0x000002153b7dddc0 JavaThread "Signal Dispatcher"          daemon [_thread_blocked, id=37288, stack(0x000000e2a7200000,0x000000e2a7300000) (1024K)]
  0x000002153b7dfab0 JavaThread "Attach Listener"            daemon [_thread_blocked, id=37260, stack(0x000000e2a7300000,0x000000e2a7400000) (1024K)]
  0x000002153b7e06c0 JavaThread "Service Thread"             daemon [_thread_blocked, id=36924, stack(0x000000e2a7400000,0x000000e2a7500000) (1024K)]
  0x000002153b7ea140 JavaThread "Monitor Deflation Thread"   daemon [_thread_blocked, id=37268, stack(0x000000e2a7500000,0x000000e2a7600000) (1024K)]
  0x000002153b7ee3d0 JavaThread "C2 CompilerThread0"         daemon [_thread_blocked, id=9996, stack(0x000000e2a7600000,0x000000e2a7700000) (1024K)]
  0x000002153b930090 JavaThread "C1 CompilerThread0"         daemon [_thread_blocked, id=36852, stack(0x000000e2a7700000,0x000000e2a7800000) (1024K)]
  0x000002153ba7e400 JavaThread "Notification Thread"        daemon [_thread_blocked, id=31888, stack(0x000000e2a7800000,0x000000e2a7900000) (1024K)]
  0x000002153ba7ea70 JavaThread "Common-Cleaner"             daemon [_thread_blocked, id=15300, stack(0x000000e2a7900000,0x000000e2a7a00000) (1024K)]
Total: 11

Other Threads:
  0x000002153b7b9df0 VMThread "VM Thread"                           [id=33704, stack(0x000000e2a6f00000,0x000000e2a7000000) (1024K)]
  0x000002153b7a58a0 WatcherThread "VM Periodic Task Thread"        [id=34648, stack(0x000000e2a6e00000,0x000000e2a6f00000) (1024K)]
  0x000002151cd8c6b0 WorkerThread "GC Thread#0"                     [id=37188, stack(0x000000e2a6900000,0x000000e2a6a00000) (1024K)]
  0x000002151cd9c1d0 ConcurrentGCThread "G1 Main Marker"            [id=37200, stack(0x000000e2a6a00000,0x000000e2a6b00000) (1024K)]
  0x000002151cd9ccd0 WorkerThread "G1 Conc#0"                       [id=37184, stack(0x000000e2a6b00000,0x000000e2a6c00000) (1024K)]
  0x000002153b67a400 ConcurrentGCThread "G1 Refine#0"               [id=37156, stack(0x000000e2a6c00000,0x000000e2a6d00000) (1024K)]
  0x000002153b67be80 ConcurrentGCThread "G1 Service"                [id=37168, stack(0x000000e2a6d00000,0x000000e2a6e00000) (1024K)]
Total: 7

Threads with active compile tasks:
Total: 0

VM state: not at safepoint (normal execution)

VM Mutex/Monitor currently owned by a thread:  ([mutex/lock_event])
[0x00007ffb260a8578] Metaspace_lock - owner thread: 0x000002151cbb7fa0

Heap address: 0x000000008a600000, size: 1882 MB, Compressed Oops mode: 32-bit

CDS archive(s) mapped at: [0x000002153c000000-0x000002153cc90000-0x000002153cc90000), size 13172736, SharedBaseAddress: 0x000002153c000000, ArchiveRelocationMode: 1.
Compressed class space mapped at: 0x000002153d000000-0x000002157d000000, reserved size: 1073741824
Narrow klass base: 0x000002153c000000, Narrow klass shift: 0, Narrow klass range: 0x100000000

GC Precious Log:
 CardTable entry size: 512
 Card Set container configuration: InlinePtr #cards 5 size 8 Array Of Cards #cards 12 size 40 Howl #buckets 4 coarsen threshold 1843 Howl Bitmap #cards 512 size 80 coarsen threshold 460 Card regions per heap region 1 cards per card region 2048
 CPUs: 12 total, 12 available
 Memory: 7521M
 Large Page Support: Disabled
 NUMA Support: Disabled
 Compressed Oops: Enabled (32-bit)
 Heap Region Size: 1M
 Heap Min Capacity: 8M
 Heap Initial Capacity: 118M
 Heap Max Capacity: 1882M
 Pre-touch: Disabled
 Parallel Workers: 10
 Concurrent Workers: 3
 Concurrent Refinement Workers: 10
 Periodic GC: Disabled

Heap:
 garbage-first heap   total 120832K, used 2048K [0x000000008a600000, 0x0000000100000000)
  region size 1024K, 3 young (3072K), 0 survivors (0K)
 Metaspace       used 2251K, committed 2432K, reserved 1114112K
  class space    used 214K, committed 320K, reserved 1048576K

Heap Regions: E=young(eden), S=young(survivor), O=old, HS=humongous(starts), HC=humongous(continues), CS=collection set, F=free, TAMS=top-at-mark-start, PB=parsable bottom
|   0|0x000000008a600000, 0x000000008a600000, 0x000000008a700000|  0%| F|  |TAMS 0x000000008a600000| PB 0x000000008a600000| Untracked 
|   1|0x000000008a700000, 0x000000008a700000, 0x000000008a800000|  0%| F|  |TAMS 0x000000008a700000| PB 0x000000008a700000| Untracked 
|   2|0x000000008a800000, 0x000000008a800000, 0x000000008a900000|  0%| F|  |TAMS 0x000000008a800000| PB 0x000000008a800000| Untracked 
|   3|0x000000008a900000, 0x000000008a900000, 0x000000008aa00000|  0%| F|  |TAMS 0x000000008a900000| PB 0x000000008a900000| Untracked 
|   4|0x000000008aa00000, 0x000000008aa00000, 0x000000008ab00000|  0%| F|  |TAMS 0x000000008aa00000| PB 0x000000008aa00000| Untracked 
|   5|0x000000008ab00000, 0x000000008ab00000, 0x000000008ac00000|  0%| F|  |TAMS 0x000000008ab00000| PB 0x000000008ab00000| Untracked 
|   6|0x000000008ac00000, 0x000000008ac00000, 0x000000008ad00000|  0%| F|  |TAMS 0x000000008ac00000| PB 0x000000008ac00000| Untracked 
|   7|0x000000008ad00000, 0x000000008ad00000, 0x000000008ae00000|  0%| F|  |TAMS 0x000000008ad00000| PB 0x000000008ad00000| Untracked 
|   8|0x000000008ae00000, 0x000000008ae00000, 0x000000008af00000|  0%| F|  |TAMS 0x000000008ae00000| PB 0x000000008ae00000| Untracked 
|   9|0x000000008af00000, 0x000000008af00000, 0x000000008b000000|  0%| F|  |TAMS 0x000000008af00000| PB 0x000000008af00000| Untracked 
|  10|0x000000008b000000, 0x000000008b000000, 0x000000008b100000|  0%| F|  |TAMS 0x000000008b000000| PB 0x000000008b000000| Untracked 
|  11|0x000000008b100000, 0x000000008b100000, 0x000000008b200000|  0%| F|  |TAMS 0x000000008b100000| PB 0x000000008b100000| Untracked 
|  12|0x000000008b200000, 0x000000008b200000, 0x000000008b300000|  0%| F|  |TAMS 0x000000008b200000| PB 0x000000008b200000| Untracked 
|  13|0x000000008b300000, 0x000000008b300000, 0x000000008b400000|  0%| F|  |TAMS 0x000000008b300000| PB 0x000000008b300000| Untracked 
|  14|0x000000008b400000, 0x000000008b400000, 0x000000008b500000|  0%| F|  |TAMS 0x000000008b400000| PB 0x000000008b400000| Untracked 
|  15|0x000000008b500000, 0x000000008b500000, 0x000000008b600000|  0%| F|  |TAMS 0x000000008b500000| PB 0x000000008b500000| Untracked 
|  16|0x000000008b600000, 0x000000008b600000, 0x000000008b700000|  0%| F|  |TAMS 0x000000008b600000| PB 0x000000008b600000| Untracked 
|  17|0x000000008b700000, 0x000000008b700000, 0x000000008b800000|  0%| F|  |TAMS 0x000000008b700000| PB 0x000000008b700000| Untracked 
|  18|0x000000008b800000, 0x000000008b800000, 0x000000008b900000|  0%| F|  |TAMS 0x000000008b800000| PB 0x000000008b800000| Untracked 
|  19|0x000000008b900000, 0x000000008b900000, 0x000000008ba00000|  0%| F|  |TAMS 0x000000008b900000| PB 0x000000008b900000| Untracked 
|  20|0x000000008ba00000, 0x000000008ba00000, 0x000000008bb00000|  0%| F|  |TAMS 0x000000008ba00000| PB 0x000000008ba00000| Untracked 
|  21|0x000000008bb00000, 0x000000008bb00000, 0x000000008bc00000|  0%| F|  |TAMS 0x000000008bb00000| PB 0x000000008bb00000| Untracked 
|  22|0x000000008bc00000, 0x000000008bc00000, 0x000000008bd00000|  0%| F|  |TAMS 0x000000008bc00000| PB 0x000000008bc00000| Untracked 
|  23|0x000000008bd00000, 0x000000008bd00000, 0x000000008be00000|  0%| F|  |TAMS 0x000000008bd00000| PB 0x000000008bd00000| Untracked 
|  24|0x000000008be00000, 0x000000008be00000, 0x000000008bf00000|  0%| F|  |TAMS 0x000000008be00000| PB 0x000000008be00000| Untracked 
|  25|0x000000008bf00000, 0x000000008bf00000, 0x000000008c000000|  0%| F|  |TAMS 0x000000008bf00000| PB 0x000000008bf00000| Untracked 
|  26|0x000000008c000000, 0x000000008c000000, 0x000000008c100000|  0%| F|  |TAMS 0x000000008c000000| PB 0x000000008c000000| Untracked 
|  27|0x000000008c100000, 0x000000008c100000, 0x000000008c200000|  0%| F|  |TAMS 0x000000008c100000| PB 0x000000008c100000| Untracked 
|  28|0x000000008c200000, 0x000000008c200000, 0x000000008c300000|  0%| F|  |TAMS 0x000000008c200000| PB 0x000000008c200000| Untracked 
|  29|0x000000008c300000, 0x000000008c300000, 0x000000008c400000|  0%| F|  |TAMS 0x000000008c300000| PB 0x000000008c300000| Untracked 
|  30|0x000000008c400000, 0x000000008c400000, 0x000000008c500000|  0%| F|  |TAMS 0x000000008c400000| PB 0x000000008c400000| Untracked 
|  31|0x000000008c500000, 0x000000008c500000, 0x000000008c600000|  0%| F|  |TAMS 0x000000008c500000| PB 0x000000008c500000| Untracked 
|  32|0x000000008c600000, 0x000000008c600000, 0x000000008c700000|  0%| F|  |TAMS 0x000000008c600000| PB 0x000000008c600000| Untracked 
|  33|0x000000008c700000, 0x000000008c700000, 0x000000008c800000|  0%| F|  |TAMS 0x000000008c700000| PB 0x000000008c700000| Untracked 
|  34|0x000000008c800000, 0x000000008c800000, 0x000000008c900000|  0%| F|  |TAMS 0x000000008c800000| PB 0x000000008c800000| Untracked 
|  35|0x000000008c900000, 0x000000008c900000, 0x000000008ca00000|  0%| F|  |TAMS 0x000000008c900000| PB 0x000000008c900000| Untracked 
|  36|0x000000008ca00000, 0x000000008ca00000, 0x000000008cb00000|  0%| F|  |TAMS 0x000000008ca00000| PB 0x000000008ca00000| Untracked 
|  37|0x000000008cb00000, 0x000000008cb00000, 0x000000008cc00000|  0%| F|  |TAMS 0x000000008cb00000| PB 0x000000008cb00000| Untracked 
|  38|0x000000008cc00000, 0x000000008cc00000, 0x000000008cd00000|  0%| F|  |TAMS 0x000000008cc00000| PB 0x000000008cc00000| Untracked 
|  39|0x000000008cd00000, 0x000000008cd00000, 0x000000008ce00000|  0%| F|  |TAMS 0x000000008cd00000| PB 0x000000008cd00000| Untracked 
|  40|0x000000008ce00000, 0x000000008ce00000, 0x000000008cf00000|  0%| F|  |TAMS 0x000000008ce00000| PB 0x000000008ce00000| Untracked 
|  41|0x000000008cf00000, 0x000000008cf00000, 0x000000008d000000|  0%| F|  |TAMS 0x000000008cf00000| PB 0x000000008cf00000| Untracked 
|  42|0x000000008d000000, 0x000000008d000000, 0x000000008d100000|  0%| F|  |TAMS 0x000000008d000000| PB 0x000000008d000000| Untracked 
|  43|0x000000008d100000, 0x000000008d100000, 0x000000008d200000|  0%| F|  |TAMS 0x000000008d100000| PB 0x000000008d100000| Untracked 
|  44|0x000000008d200000, 0x000000008d200000, 0x000000008d300000|  0%| F|  |TAMS 0x000000008d200000| PB 0x000000008d200000| Untracked 
|  45|0x000000008d300000, 0x000000008d300000, 0x000000008d400000|  0%| F|  |TAMS 0x000000008d300000| PB 0x000000008d300000| Untracked 
|  46|0x000000008d400000, 0x000000008d400000, 0x000000008d500000|  0%| F|  |TAMS 0x000000008d400000| PB 0x000000008d400000| Untracked 
|  47|0x000000008d500000, 0x000000008d500000, 0x000000008d600000|  0%| F|  |TAMS 0x000000008d500000| PB 0x000000008d500000| Untracked 
|  48|0x000000008d600000, 0x000000008d600000, 0x000000008d700000|  0%| F|  |TAMS 0x000000008d600000| PB 0x000000008d600000| Untracked 
|  49|0x000000008d700000, 0x000000008d700000, 0x000000008d800000|  0%| F|  |TAMS 0x000000008d700000| PB 0x000000008d700000| Untracked 
|  50|0x000000008d800000, 0x000000008d800000, 0x000000008d900000|  0%| F|  |TAMS 0x000000008d800000| PB 0x000000008d800000| Untracked 
|  51|0x000000008d900000, 0x000000008d900000, 0x000000008da00000|  0%| F|  |TAMS 0x000000008d900000| PB 0x000000008d900000| Untracked 
|  52|0x000000008da00000, 0x000000008da00000, 0x000000008db00000|  0%| F|  |TAMS 0x000000008da00000| PB 0x000000008da00000| Untracked 
|  53|0x000000008db00000, 0x000000008db00000, 0x000000008dc00000|  0%| F|  |TAMS 0x000000008db00000| PB 0x000000008db00000| Untracked 
|  54|0x000000008dc00000, 0x000000008dc00000, 0x000000008dd00000|  0%| F|  |TAMS 0x000000008dc00000| PB 0x000000008dc00000| Untracked 
|  55|0x000000008dd00000, 0x000000008dd00000, 0x000000008de00000|  0%| F|  |TAMS 0x000000008dd00000| PB 0x000000008dd00000| Untracked 
|  56|0x000000008de00000, 0x000000008de00000, 0x000000008df00000|  0%| F|  |TAMS 0x000000008de00000| PB 0x000000008de00000| Untracked 
|  57|0x000000008df00000, 0x000000008df00000, 0x000000008e000000|  0%| F|  |TAMS 0x000000008df00000| PB 0x000000008df00000| Untracked 
|  58|0x000000008e000000, 0x000000008e000000, 0x000000008e100000|  0%| F|  |TAMS 0x000000008e000000| PB 0x000000008e000000| Untracked 
|  59|0x000000008e100000, 0x000000008e100000, 0x000000008e200000|  0%| F|  |TAMS 0x000000008e100000| PB 0x000000008e100000| Untracked 
|  60|0x000000008e200000, 0x000000008e200000, 0x000000008e300000|  0%| F|  |TAMS 0x000000008e200000| PB 0x000000008e200000| Untracked 
|  61|0x000000008e300000, 0x000000008e300000, 0x000000008e400000|  0%| F|  |TAMS 0x000000008e300000| PB 0x000000008e300000| Untracked 
|  62|0x000000008e400000, 0x000000008e400000, 0x000000008e500000|  0%| F|  |TAMS 0x000000008e400000| PB 0x000000008e400000| Untracked 
|  63|0x000000008e500000, 0x000000008e500000, 0x000000008e600000|  0%| F|  |TAMS 0x000000008e500000| PB 0x000000008e500000| Untracked 
|  64|0x000000008e600000, 0x000000008e600000, 0x000000008e700000|  0%| F|  |TAMS 0x000000008e600000| PB 0x000000008e600000| Untracked 
|  65|0x000000008e700000, 0x000000008e700000, 0x000000008e800000|  0%| F|  |TAMS 0x000000008e700000| PB 0x000000008e700000| Untracked 
|  66|0x000000008e800000, 0x000000008e800000, 0x000000008e900000|  0%| F|  |TAMS 0x000000008e800000| PB 0x000000008e800000| Untracked 
|  67|0x000000008e900000, 0x000000008e900000, 0x000000008ea00000|  0%| F|  |TAMS 0x000000008e900000| PB 0x000000008e900000| Untracked 
|  68|0x000000008ea00000, 0x000000008ea00000, 0x000000008eb00000|  0%| F|  |TAMS 0x000000008ea00000| PB 0x000000008ea00000| Untracked 
|  69|0x000000008eb00000, 0x000000008eb00000, 0x000000008ec00000|  0%| F|  |TAMS 0x000000008eb00000| PB 0x000000008eb00000| Untracked 
|  70|0x000000008ec00000, 0x000000008ec00000, 0x000000008ed00000|  0%| F|  |TAMS 0x000000008ec00000| PB 0x000000008ec00000| Untracked 
|  71|0x000000008ed00000, 0x000000008ed00000, 0x000000008ee00000|  0%| F|  |TAMS 0x000000008ed00000| PB 0x000000008ed00000| Untracked 
|  72|0x000000008ee00000, 0x000000008ee00000, 0x000000008ef00000|  0%| F|  |TAMS 0x000000008ee00000| PB 0x000000008ee00000| Untracked 
|  73|0x000000008ef00000, 0x000000008ef00000, 0x000000008f000000|  0%| F|  |TAMS 0x000000008ef00000| PB 0x000000008ef00000| Untracked 
|  74|0x000000008f000000, 0x000000008f000000, 0x000000008f100000|  0%| F|  |TAMS 0x000000008f000000| PB 0x000000008f000000| Untracked 
|  75|0x000000008f100000, 0x000000008f100000, 0x000000008f200000|  0%| F|  |TAMS 0x000000008f100000| PB 0x000000008f100000| Untracked 
|  76|0x000000008f200000, 0x000000008f200000, 0x000000008f300000|  0%| F|  |TAMS 0x000000008f200000| PB 0x000000008f200000| Untracked 
|  77|0x000000008f300000, 0x000000008f300000, 0x000000008f400000|  0%| F|  |TAMS 0x000000008f300000| PB 0x000000008f300000| Untracked 
|  78|0x000000008f400000, 0x000000008f400000, 0x000000008f500000|  0%| F|  |TAMS 0x000000008f400000| PB 0x000000008f400000| Untracked 
|  79|0x000000008f500000, 0x000000008f500000, 0x000000008f600000|  0%| F|  |TAMS 0x000000008f500000| PB 0x000000008f500000| Untracked 
|  80|0x000000008f600000, 0x000000008f600000, 0x000000008f700000|  0%| F|  |TAMS 0x000000008f600000| PB 0x000000008f600000| Untracked 
|  81|0x000000008f700000, 0x000000008f700000, 0x000000008f800000|  0%| F|  |TAMS 0x000000008f700000| PB 0x000000008f700000| Untracked 
|  82|0x000000008f800000, 0x000000008f800000, 0x000000008f900000|  0%| F|  |TAMS 0x000000008f800000| PB 0x000000008f800000| Untracked 
|  83|0x000000008f900000, 0x000000008f900000, 0x000000008fa00000|  0%| F|  |TAMS 0x000000008f900000| PB 0x000000008f900000| Untracked 
|  84|0x000000008fa00000, 0x000000008fa00000, 0x000000008fb00000|  0%| F|  |TAMS 0x000000008fa00000| PB 0x000000008fa00000| Untracked 
|  85|0x000000008fb00000, 0x000000008fb00000, 0x000000008fc00000|  0%| F|  |TAMS 0x000000008fb00000| PB 0x000000008fb00000| Untracked 
|  86|0x000000008fc00000, 0x000000008fc00000, 0x000000008fd00000|  0%| F|  |TAMS 0x000000008fc00000| PB 0x000000008fc00000| Untracked 
|  87|0x000000008fd00000, 0x000000008fd00000, 0x000000008fe00000|  0%| F|  |TAMS 0x000000008fd00000| PB 0x000000008fd00000| Untracked 
|  88|0x000000008fe00000, 0x000000008fe00000, 0x000000008ff00000|  0%| F|  |TAMS 0x000000008fe00000| PB 0x000000008fe00000| Untracked 
|  89|0x000000008ff00000, 0x000000008ff00000, 0x0000000090000000|  0%| F|  |TAMS 0x000000008ff00000| PB 0x000000008ff00000| Untracked 
|  90|0x0000000090000000, 0x0000000090000000, 0x0000000090100000|  0%| F|  |TAMS 0x0000000090000000| PB 0x0000000090000000| Untracked 
|  91|0x0000000090100000, 0x0000000090100000, 0x0000000090200000|  0%| F|  |TAMS 0x0000000090100000| PB 0x0000000090100000| Untracked 
|  92|0x0000000090200000, 0x0000000090200000, 0x0000000090300000|  0%| F|  |TAMS 0x0000000090200000| PB 0x0000000090200000| Untracked 
|  93|0x0000000090300000, 0x0000000090300000, 0x0000000090400000|  0%| F|  |TAMS 0x0000000090300000| PB 0x0000000090300000| Untracked 
|  94|0x0000000090400000, 0x0000000090400000, 0x0000000090500000|  0%| F|  |TAMS 0x0000000090400000| PB 0x0000000090400000| Untracked 
|  95|0x0000000090500000, 0x0000000090500000, 0x0000000090600000|  0%| F|  |TAMS 0x0000000090500000| PB 0x0000000090500000| Untracked 
|  96|0x0000000090600000, 0x0000000090600000, 0x0000000090700000|  0%| F|  |TAMS 0x0000000090600000| PB 0x0000000090600000| Untracked 
|  97|0x0000000090700000, 0x0000000090700000, 0x0000000090800000|  0%| F|  |TAMS 0x0000000090700000| PB 0x0000000090700000| Untracked 
|  98|0x0000000090800000, 0x0000000090800000, 0x0000000090900000|  0%| F|  |TAMS 0x0000000090800000| PB 0x0000000090800000| Untracked 
|  99|0x0000000090900000, 0x0000000090900000, 0x0000000090a00000|  0%| F|  |TAMS 0x0000000090900000| PB 0x0000000090900000| Untracked 
| 100|0x0000000090a00000, 0x0000000090a00000, 0x0000000090b00000|  0%| F|  |TAMS 0x0000000090a00000| PB 0x0000000090a00000| Untracked 
| 101|0x0000000090b00000, 0x0000000090b00000, 0x0000000090c00000|  0%| F|  |TAMS 0x0000000090b00000| PB 0x0000000090b00000| Untracked 
| 102|0x0000000090c00000, 0x0000000090c00000, 0x0000000090d00000|  0%| F|  |TAMS 0x0000000090c00000| PB 0x0000000090c00000| Untracked 
| 103|0x0000000090d00000, 0x0000000090d00000, 0x0000000090e00000|  0%| F|  |TAMS 0x0000000090d00000| PB 0x0000000090d00000| Untracked 
| 104|0x0000000090e00000, 0x0000000090e00000, 0x0000000090f00000|  0%| F|  |TAMS 0x0000000090e00000| PB 0x0000000090e00000| Untracked 
| 105|0x0000000090f00000, 0x0000000090f00000, 0x0000000091000000|  0%| F|  |TAMS 0x0000000090f00000| PB 0x0000000090f00000| Untracked 
| 106|0x0000000091000000, 0x0000000091000000, 0x0000000091100000|  0%| F|  |TAMS 0x0000000091000000| PB 0x0000000091000000| Untracked 
| 107|0x0000000091100000, 0x0000000091100000, 0x0000000091200000|  0%| F|  |TAMS 0x0000000091100000| PB 0x0000000091100000| Untracked 
| 108|0x0000000091200000, 0x0000000091200000, 0x0000000091300000|  0%| F|  |TAMS 0x0000000091200000| PB 0x0000000091200000| Untracked 
| 109|0x0000000091300000, 0x0000000091300000, 0x0000000091400000|  0%| F|  |TAMS 0x0000000091300000| PB 0x0000000091300000| Untracked 
| 110|0x0000000091400000, 0x0000000091400000, 0x0000000091500000|  0%| F|  |TAMS 0x0000000091400000| PB 0x0000000091400000| Untracked 
| 111|0x0000000091500000, 0x0000000091500000, 0x0000000091600000|  0%| F|  |TAMS 0x0000000091500000| PB 0x0000000091500000| Untracked 
| 112|0x0000000091600000, 0x0000000091600000, 0x0000000091700000|  0%| F|  |TAMS 0x0000000091600000| PB 0x0000000091600000| Untracked 
| 113|0x0000000091700000, 0x0000000091700000, 0x0000000091800000|  0%| F|  |TAMS 0x0000000091700000| PB 0x0000000091700000| Untracked 
| 114|0x0000000091800000, 0x0000000091800000, 0x0000000091900000|  0%| F|  |TAMS 0x0000000091800000| PB 0x0000000091800000| Untracked 
| 115|0x0000000091900000, 0x00000000919ec4e8, 0x0000000091a00000| 92%| E|  |TAMS 0x0000000091900000| PB 0x0000000091900000| Complete 
| 116|0x0000000091a00000, 0x0000000091b00000, 0x0000000091b00000|100%| E|CS|TAMS 0x0000000091a00000| PB 0x0000000091a00000| Complete 
| 117|0x0000000091b00000, 0x0000000091c00000, 0x0000000091c00000|100%| E|CS|TAMS 0x0000000091b00000| PB 0x0000000091b00000| Complete 

Card table byte_map: [0x00000215369b0000,0x0000021536d60000] _byte_map_base: 0x000002153655d000

Marking Bits: (CMBitMap*) 0x000002151cd8cdb0
 Bits: [0x0000021536d60000, 0x0000021538ac8000)

Polling page: 0x000002151cb60000

Metaspace:

Usage:
  Non-class:      1.99 MB used.
      Class:    214.20 KB used.
       Both:      2.20 MB used.

Virtual space:
  Non-class space:       64.00 MB reserved,       2.06 MB (  3%) committed,  1 nodes.
      Class space:        1.00 GB reserved,     320.00 KB ( <1%) committed,  1 nodes.
             Both:        1.06 GB reserved,       2.38 MB ( <1%) committed. 

Chunk freelists:
   Non-Class:  11.93 MB
       Class:  15.71 MB
        Both:  27.64 MB

MaxMetaspaceSize: unlimited
CompressedClassSpaceSize: 1.00 GB
Initial GC threshold: 21.00 MB
Current GC threshold: 21.00 MB
CDS: on
 - commit_granule_bytes: 65536.
 - commit_granule_words: 8192.
 - virtual_space_node_default_size: 8388608.
 - enlarge_chunks_in_place: 1.
 - use_allocation_guard: 0.


Internal statistics:

num_allocs_failed_limit: 0.
num_arena_births: 70.
num_arena_deaths: 0.
num_vsnodes_births: 2.
num_vsnodes_deaths: 0.
num_space_committed: 38.
num_space_uncommitted: 0.
num_chunks_returned_to_freelist: 0.
num_chunks_taken_from_freelist: 87.
num_chunk_merges: 0.
num_chunk_splits: 52.
num_chunks_enlarged: 16.
num_inconsistent_stats: 0.

CodeHeap 'non-profiled nmethods': size=120000Kb used=94Kb max_used=94Kb free=119905Kb
 bounds [0x000002152e450000, 0x000002152e6c0000, 0x0000021535980000]
CodeHeap 'profiled nmethods': size=120000Kb used=348Kb max_used=348Kb free=119651Kb
 bounds [0x0000021526980000, 0x0000021526bf0000, 0x000002152deb0000]
CodeHeap 'non-nmethods': size=5760Kb used=1347Kb max_used=1347Kb free=4412Kb
 bounds [0x000002152deb0000, 0x000002152e120000, 0x000002152e450000]
 total_blobs=737 nmethods=283 adapters=359
 compilation: enabled
              stopped_count=0, restarted_count=0
 full_count=0

Compilation events (20 events):
Event: 0.215 Thread 0x000002153b930090 nmethod 265 0x00000215269d1d90 code [0x00000215269d1f20, 0x00000215269d2090]
Event: 0.215 Thread 0x000002153b930090  266       3       java.lang.invoke.LambdaForm$BasicType::basicTypeSlots (8 bytes)
Event: 0.215 Thread 0x000002153b930090 nmethod 266 0x00000215269d2110 code [0x00000215269d22c0, 0x00000215269d2438]
Event: 0.215 Thread 0x000002153b930090  269       3       jdk.internal.org.objectweb.asm.ByteVector::put122 (93 bytes)
Event: 0.215 Thread 0x000002153b930090 nmethod 269 0x00000215269d2510 code [0x00000215269d26c0, 0x00000215269d2948]
Event: 0.215 Thread 0x000002153b930090  268       3       sun.invoke.util.VerifyType::isNullConversion (157 bytes)
Event: 0.217 Thread 0x000002153b930090 nmethod 268 0x00000215269d2b10 code [0x00000215269d2e40, 0x00000215269d4420]
Event: 0.217 Thread 0x000002153b930090  274       3       java.lang.invoke.LambdaForm::argument (27 bytes)
Event: 0.217 Thread 0x000002153b930090 nmethod 274 0x00000215269d4910 code [0x00000215269d4ae0, 0x00000215269d4d50]
Event: 0.217 Thread 0x000002153b930090  277       3       java.lang.invoke.MemberName::initResolved (53 bytes)
Event: 0.217 Thread 0x000002153b930090 nmethod 277 0x00000215269d4e90 code [0x00000215269d5040, 0x00000215269d51f8]
Event: 0.217 Thread 0x000002153b930090  267       3       sun.invoke.util.Wrapper::stackSlots (9 bytes)
Event: 0.217 Thread 0x000002153b930090 nmethod 267 0x00000215269d5290 code [0x00000215269d5420, 0x00000215269d5530]
Event: 0.217 Thread 0x000002153b930090  270       1       java.lang.invoke.MethodTypeForm::basicType (5 bytes)
Event: 0.217 Thread 0x000002153b930090 nmethod 270 0x000002152e466510 code [0x000002152e4666a0, 0x000002152e466768]
Event: 0.219 Thread 0x000002153b7ee3d0 nmethod 262 0x000002152e466e10 code [0x000002152e466fe0, 0x000002152e4673c0]
Event: 0.219 Thread 0x000002153b7ee3d0  275       4       java.lang.String::length (11 bytes)
Event: 0.220 Thread 0x000002153b7ee3d0 nmethod 275 0x000002152e467710 code [0x000002152e4678a0, 0x000002152e467950]
Event: 0.228 Thread 0x000002153b930090  283   !   3       java.lang.invoke.MemberName::getMethodType (211 bytes)
Event: 0.229 Thread 0x000002153b930090 nmethod 283 0x00000215269d5590 code [0x00000215269d5860, 0x00000215269d6c90]

GC Heap History (0 events):
No events

Dll operation events (7 events):
Event: 0.020 Loaded shared library C:\Program Files\Java\jdk-21\bin\java.dll
Event: 0.075 Loaded shared library C:\Program Files\Java\jdk-21\bin\jsvml.dll
Event: 0.105 Loaded shared library C:\Program Files\Java\jdk-21\bin\net.dll
Event: 0.111 Loaded shared library C:\Program Files\Java\jdk-21\bin\nio.dll
Event: 0.117 Loaded shared library C:\Program Files\Java\jdk-21\bin\zip.dll
Event: 0.148 Loaded shared library C:\Program Files\Java\jdk-21\bin\jimage.dll
Event: 0.174 Loaded shared library C:\Program Files\Java\jdk-21\bin\awt.dll

Deoptimization events (0 events):
No events

Classes loaded (20 events):
Event: 0.229 Loading class java/awt/image/IndexColorModel
Event: 0.230 Loading class java/awt/image/IndexColorModel done
Event: 0.230 Loading class sun/java2d/pipe/LoopPipe
Event: 0.230 Loading class sun/java2d/pipe/ParallelogramPipe
Event: 0.230 Loading class sun/java2d/pipe/ParallelogramPipe done
Event: 0.230 Loading class sun/java2d/pipe/LoopBasedPipe
Event: 0.230 Loading class sun/java2d/pipe/LoopBasedPipe done
Event: 0.230 Loading class sun/java2d/pipe/LoopPipe done
Event: 0.230 Loading class sun/java2d/pipe/RenderingEngine
Event: 0.230 Loading class sun/java2d/pipe/RenderingEngine done
Event: 0.230 Loading class sun/java2d/marlin/DMarlinRenderingEngine
Event: 0.231 Loading class sun/java2d/marlin/MarlinConst
Event: 0.231 Loading class sun/java2d/marlin/MarlinConst done
Event: 0.231 Loading class sun/java2d/marlin/DMarlinRenderingEngine done
Event: 0.231 Loading class sun/java2d/marlin/MarlinProperties
Event: 0.231 Loading class sun/java2d/marlin/MarlinProperties done
Event: 0.231 Loading class sun/java2d/marlin/FloatMath
Event: 0.231 Loading class sun/java2d/marlin/FloatMath done
Event: 0.232 Loading class sun/java2d/marlin/DMarlinRenderingEngine$1
Event: 0.232 Loading class sun/java2d/ReentrantContextProviderTL

Classes unloaded (0 events):
No events

Classes redefined (0 events):
No events

Internal exceptions (3 events):
Event: 0.157 Thread 0x000002151cbb7fa0 Exception <a 'java/lang/ClassNotFoundException'{0x0000000091aee080}: sun/awt/resources/spi/awtProvider> (0x0000000091aee080) 
thrown [s\open\src\hotspot\share\classfile\systemDictionary.cpp, line 312]
Event: 0.187 Thread 0x000002151cbb7fa0 Exception <a 'java/io/FileNotFoundException'{0x00000000919481e0}> (0x00000000919481e0) 
thrown [s\open\src\hotspot\share\prims\jni.cpp, line 520]
Event: 0.194 Thread 0x000002151cbb7fa0 Exception <a 'java/io/FileNotFoundException'{0x0000000091972178}> (0x0000000091972178) 
thrown [s\open\src\hotspot\share\prims\jni.cpp, line 520]

ZGC Phase Switch (0 events):
No events

VM Operations (0 events):
No events

Events (11 events):
Event: 0.051 Thread 0x000002151cbb7fa0 Thread added: 0x000002151cbb7fa0
Event: 0.071 Thread 0x000002153b7db2d0 Thread added: 0x000002153b7db2d0
Event: 0.072 Thread 0x000002153b7dc1a0 Thread added: 0x000002153b7dc1a0
Event: 0.072 Thread 0x000002153b7dddc0 Thread added: 0x000002153b7dddc0
Event: 0.072 Thread 0x000002153b7dfab0 Thread added: 0x000002153b7dfab0
Event: 0.072 Thread 0x000002153b7e06c0 Thread added: 0x000002153b7e06c0
Event: 0.072 Thread 0x000002153b7ea140 Thread added: 0x000002153b7ea140
Event: 0.072 Thread 0x000002153b7ee3d0 Thread added: 0x000002153b7ee3d0
Event: 0.072 Thread 0x000002153b930090 Thread added: 0x000002153b930090
Event: 0.096 Thread 0x000002153ba7e400 Thread added: 0x000002153ba7e400
Event: 0.099 Thread 0x000002153ba7ea70 Thread added: 0x000002153ba7ea70


Dynamic libraries:
0x00007ff61f4b0000 - 0x00007ff61f4c0000 	C:\Program Files\Java\jdk-21\bin\java.exe
0x00007ffc11af0000 - 0x00007ffc11d06000 	C:\WINDOWS\SYSTEM32\ntdll.dll
0x00007ffc10cf0000 - 0x00007ffc10db4000 	C:\WINDOWS\System32\KERNEL32.DLL
0x00007ffc0f1a0000 - 0x00007ffc0f546000 	C:\WINDOWS\System32\KERNELBASE.dll
0x00007ffc0c1e0000 - 0x00007ffc0c277000 	C:\WINDOWS\SYSTEM32\apphelp.dll
0x00007ffc0ee30000 - 0x00007ffc0ef41000 	C:\WINDOWS\System32\ucrtbase.dll
0x00007ffbebbb0000 - 0x00007ffbebbcb000 	C:\Program Files\Java\jdk-21\bin\VCRUNTIME140.dll
0x00007ffba6ee0000 - 0x00007ffba6ef9000 	C:\Program Files\Java\jdk-21\bin\jli.dll
0x00007ffc10420000 - 0x00007ffc104d2000 	C:\WINDOWS\System32\ADVAPI32.dll
0x00007ffc11770000 - 0x00007ffc11817000 	C:\WINDOWS\System32\msvcrt.dll
0x00007ffc10dc0000 - 0x00007ffc10e68000 	C:\WINDOWS\System32\sechost.dll
0x00007ffc0f170000 - 0x00007ffc0f198000 	C:\WINDOWS\System32\bcrypt.dll
0x00007ffc10990000 - 0x00007ffc10aa5000 	C:\WINDOWS\System32\RPCRT4.dll
0x00007ffc10ff0000 - 0x00007ffc1119d000 	C:\WINDOWS\System32\USER32.dll
0x00007ffc0f140000 - 0x00007ffc0f166000 	C:\WINDOWS\System32\win32u.dll
0x00007ffbf2880000 - 0x00007ffbf2b13000 	C:\WINDOWS\WinSxS\amd64_microsoft.windows.common-controls_6595b64144ccf1df_6.0.22621.3235_none_270f74e173860f98\COMCTL32.dll
0x00007ffc10960000 - 0x00007ffc10989000 	C:\WINDOWS\System32\GDI32.dll
0x00007ffc0f720000 - 0x00007ffc0f838000 	C:\WINDOWS\System32\gdi32full.dll
0x00007ffc0f610000 - 0x00007ffc0f6aa000 	C:\WINDOWS\System32\msvcp_win.dll
0x00007ffc06e00000 - 0x00007ffc06e0a000 	C:\WINDOWS\SYSTEM32\VERSION.dll
0x00007ffc10350000 - 0x00007ffc10381000 	C:\WINDOWS\System32\IMM32.DLL
0x00007ffbf8dd0000 - 0x00007ffbf8ddc000 	C:\Program Files\Java\jdk-21\bin\vcruntime140_1.dll
0x00007ffb836d0000 - 0x00007ffb8375e000 	C:\Program Files\Java\jdk-21\bin\msvcp140.dll
0x00007ffb25470000 - 0x00007ffb26185000 	C:\Program Files\Java\jdk-21\bin\server\jvm.dll
0x00007ffc10f70000 - 0x00007ffc10fe1000 	C:\WINDOWS\System32\WS2_32.dll
0x00007ffc0ed00000 - 0x00007ffc0ed4d000 	C:\WINDOWS\SYSTEM32\POWRPROF.dll
0x00007ffc075b0000 - 0x00007ffc075e4000 	C:\WINDOWS\SYSTEM32\WINMM.dll
0x00007ffc0ece0000 - 0x00007ffc0ecf3000 	C:\WINDOWS\SYSTEM32\UMPDC.dll
0x00007ffc0de70000 - 0x00007ffc0de88000 	C:\WINDOWS\SYSTEM32\kernel.appcore.dll
0x00007ffbf3750000 - 0x00007ffbf375a000 	C:\Program Files\Java\jdk-21\bin\jimage.dll
0x00007ffc00f80000 - 0x00007ffc011b3000 	C:\WINDOWS\SYSTEM32\DBGHELP.DLL
0x00007ffc11370000 - 0x00007ffc116f8000 	C:\WINDOWS\System32\combase.dll
0x00007ffc10e70000 - 0x00007ffc10f47000 	C:\WINDOWS\System32\OLEAUT32.dll
0x00007ffc00e80000 - 0x00007ffc00eb2000 	C:\WINDOWS\SYSTEM32\dbgcore.DLL
0x00007ffc0ef50000 - 0x00007ffc0efca000 	C:\WINDOWS\System32\bcryptPrimitives.dll
0x00007ffbea230000 - 0x00007ffbea24f000 	C:\Program Files\Java\jdk-21\bin\java.dll
0x00007ffc0faf0000 - 0x00007ffc1034d000 	C:\WINDOWS\System32\SHELL32.dll
0x00007ffc0cd90000 - 0x00007ffc0d688000 	C:\WINDOWS\SYSTEM32\windows.storage.dll
0x00007ffc0cc50000 - 0x00007ffc0cd8e000 	C:\WINDOWS\SYSTEM32\wintypes.dll
0x00007ffc0f9f0000 - 0x00007ffc0fae3000 	C:\WINDOWS\System32\SHCORE.dll
0x00007ffc11710000 - 0x00007ffc1176e000 	C:\WINDOWS\System32\shlwapi.dll
0x00007ffc0ed60000 - 0x00007ffc0ed86000 	C:\WINDOWS\SYSTEM32\profapi.dll
0x00007ffb6ebe0000 - 0x00007ffb6ecb7000 	C:\Program Files\Java\jdk-21\bin\jsvml.dll
0x00007ffbf2d00000 - 0x00007ffbf2d10000 	C:\Program Files\Java\jdk-21\bin\net.dll
0x00007ffc08bc0000 - 0x00007ffc08cf7000 	C:\WINDOWS\SYSTEM32\WINHTTP.dll
0x00007ffc0e2f0000 - 0x00007ffc0e359000 	C:\WINDOWS\system32\mswsock.dll
0x00007ffbe6d50000 - 0x00007ffbe6d66000 	C:\Program Files\Java\jdk-21\bin\nio.dll
0x00007ffbdd4b0000 - 0x00007ffbdd4c8000 	C:\Program Files\Java\jdk-21\bin\zip.dll
0x00007ffb52500000 - 0x00007ffb5268f000 	C:\Program Files\Java\jdk-21\bin\awt.dll

dbghelp: loaded successfully - version: 4.0.5 - missing functions: none
symbol engine: initialized successfully - sym options: 0x614 - pdb path: .;C:\Program Files\Java\jdk-21\bin;C:\WINDOWS\SYSTEM32;C:\WINDOWS\WinSxS\amd64_microsoft.windows.common-controls_6595b64144ccf1df_6.0.22621.3235_none_270f74e173860f98;C:\Program Files\Java\jdk-21\bin\server

VM Arguments:
jvm_args: -Dfile.encoding=UTF-8 
java_command: ASimulatorSystem.Signup2
java_class_path (initial): C:\Users\Adithya\OneDrive\Desktop\Libraries\jcalendar-tz-1.3.3-4.jar;C:\Users\Adithya\OneDrive\Desktop\Libraries\mysql-connector-java-8.0.28.jar;C:\Users\Adithya\OneDrive\Desktop\projj\ATM-Simulator-System-master\ATM-Simulator-System\build\classes
Launcher Type: SUN_STANDARD

[Global flags]
     intx CICompilerCount                          = 4                                         {product} {ergonomic}
     uint ConcGCThreads                            = 3                                         {product} {ergonomic}
     uint G1ConcRefinementThreads                  = 10                                        {product} {ergonomic}
   size_t G1HeapRegionSize                         = 1048576                                   {product} {ergonomic}
    uintx GCDrainStackTargetSize                   = 64                                        {product} {ergonomic}
   size_t InitialHeapSize                          = 123731968                                 {product} {ergonomic}
   size_t MarkStackSize                            = 4194304                                   {product} {ergonomic}
   size_t MaxHeapSize                              = 1973420032                                {product} {ergonomic}
   size_t MaxNewSize                               = 1183842304                                {product} {ergonomic}
   size_t MinHeapDeltaBytes                        = 1048576                                   {product} {ergonomic}
   size_t MinHeapSize                              = 8388608                                   {product} {ergonomic}
    uintx NonNMethodCodeHeapSize                   = 5839372                                {pd product} {ergonomic}
    uintx NonProfiledCodeHeapSize                  = 122909434                              {pd product} {ergonomic}
    uintx ProfiledCodeHeapSize                     = 122909434                              {pd product} {ergonomic}
    uintx ReservedCodeCacheSize                    = 251658240                              {pd product} {ergonomic}
     bool SegmentedCodeCache                       = true                                      {product} {ergonomic}
   size_t SoftMaxHeapSize                          = 1973420032                             {manageable} {ergonomic}
     bool UseCompressedOops                        = true                           {product lp64_product} {ergonomic}
     bool UseG1GC                                  = true                                      {product} {ergonomic}
     bool UseLargePagesIndividualAllocation        = false                                  {pd product} {ergonomic}

Logging:
Log output configuration:
 #0: stdout all=warning uptime,level,tags foldmultilines=false
 #1: stderr all=off uptime,level,tags foldmultilines=false

Environment Variables:
JAVA_HOME=C:\Program Files\Java\jdk-21
PATH=C:\Program Files\Common Files\Oracle\Java\javapath;C:\WINDOWS\system32;C:\WINDOWS;C:\WINDOWS\System32\Wbem;C:\WINDOWS\System32\WindowsPowerShell\v1.0\;C:\WINDOWS\System32\OpenSSH\;C:\Program Files (x86)\Microsoft SQL Server\160\Tools\Binn\;C:\Program Files\Microsoft SQL Server\160\Tools\Binn\;C:\Program Files\Microsoft SQL Server\Client SDK\ODBC\170\Tools\Binn\;C:\Program Files\Microsoft SQL Server\160\DTS\Binn\;C:\Program Files (x86)\Microsoft SQL Server\160\DTS\Binn\;C:\Program Files\Azure Data Studio\bin;C:\Program Files\Microsoft SQL Server\150\Tools\Binn\;C:\Users\Adithya\AppData\Roaming\nvm;C:\Program Files\nodejs;C:\Program Files\Java\jdk-21\bin;C:\Program Files\Git\cmd;C:\Users\Adithya\AppData\Local\Microsoft\WindowsApps;C:\Users\Adithya\AppData\Local\Programs\Microsoft VS Code\bin;C:\Program Files\Azure Data Studio\bin;C:\Users\Adithya\AppData\Roaming\nvm;C:\Program Files\nodejs;C:\Program Files\JetBrains\IntelliJ IDEA Community Edition 2023.2.4\bin;
USERNAME=Adithya
OS=Windows_NT
PROCESSOR_IDENTIFIER=AMD64 Family 25 Model 80 Stepping 0, AuthenticAMD
TMP=C:\Users\Adithya\AppData\Local\Temp
TEMP=C:\Users\Adithya\AppData\Local\Temp




Periodic native trim disabled

---------------  S Y S T E M  ---------------

OS:
 Windows 11 , 64 bit Build 22621 (10.0.22621.3235)
OS uptime: 1 days 2:39 hours

CPU: total 12 (initial active 12) (12 cores per cpu, 2 threads per core) family 25 model 80 stepping 0 microcode 0x0, cx8, cmov, fxsr, ht, mmx, 3dnowpref, sse, sse2, sse3, ssse3, sse4a, sse4.1, sse4.2, popcnt, lzcnt, tsc, tscinvbit, avx, avx2, aes, erms, clmul, bmi1, bmi2, adx, sha, fma, vzeroupper, clflush, clflushopt, rdtscp, rdpid, fsrm, f16c, pku, cet_ss
Processor Information for processor 0
  Max Mhz: 3301, Current Mhz: 3301, Mhz Limit: 3301
Processor Information for processor 1
  Max Mhz: 3301, Current Mhz: 3301, Mhz Limit: 3301
Processor Information for processor 2
  Max Mhz: 3301, Current Mhz: 3301, Mhz Limit: 3301
Processor Information for processor 3
  Max Mhz: 3301, Current Mhz: 3301, Mhz Limit: 3301
Processor Information for processor 4
  Max Mhz: 3301, Current Mhz: 3301, Mhz Limit: 3301
Processor Information for processor 5
  Max Mhz: 3301, Current Mhz: 3301, Mhz Limit: 3301
Processor Information for processor 6
  Max Mhz: 3301, Current Mhz: 3301, Mhz Limit: 3301
Processor Information for processor 7
  Max Mhz: 3301, Current Mhz: 3301, Mhz Limit: 3301
Processor Information for processor 8
  Max Mhz: 3301, Current Mhz: 1805, Mhz Limit: 3301
Processor Information for processor 9
  Max Mhz: 3301, Current Mhz: 1805, Mhz Limit: 3301
Processor Information for processor 10
  Max Mhz: 3301, Current Mhz: 1805, Mhz Limit: 3301
Processor Information for processor 11
  Max Mhz: 3301, Current Mhz: 1805, Mhz Limit: 3301

Memory: 4k page, system-wide physical 7521M (393M free)
TotalPageFile size 31073M (AvailPageFile size 90M)
current process WorkingSet (physical memory assigned to process): 43M, peak: 43M
current process commit charge ("private bytes"): 206M, peak: 206M

vm_info: Java HotSpot(TM) 64-Bit Server VM (21.0.1+12-LTS-29) for windows-amd64 JRE (21.0.1+12-LTS-29), built on 2023-10-05T13:27:09Z by "mach5one" with MS VC++ 17.1 (VS2022)

END.
